<?xml version="1.0" encoding="UTF-8"?>
<!-- Generated by org.testng.reporters.JUnitXMLReporter -->
<testsuite ignored="0" hostname="DESKTOP-6084CDG" failures="1" tests="13" name="Test" time="23.69" errors="0" timestamp="2024-10-04T13:42:20 CDT">
  <testcase classname="tests.JuiceShopTestsWithTestNG" name="testLogin" time="1.664"/>
  <testcase classname="tests.JuiceShopTestsWithTestNG" name="testRegisterUser" time="0.001"/>
  <testcase classname="tests.JuiceShopTestsWithTestNG" name="testAddToCart" time="13.026">
    <failure type="org.openqa.selenium.TimeoutException" message="Expected condition failed: waiting for element to be clickable: By.xpath: //mat-cell[contains(text(),&amp;apos;Green Smoothie&amp;apos;)] (tried for 10 second(s) with 500 milliseconds interval)
Build info: version: &amp;apos;4.24.0&amp;apos;, revision: &amp;apos;748ffc9bc3&amp;apos;
System info: os.name: &amp;apos;Windows 11&amp;apos;, os.arch: &amp;apos;amd64&amp;apos;, os.version: &amp;apos;10.0&amp;apos;, java.version: &amp;apos;22.0.2&amp;apos;
Driver info: org.openqa.selenium.chrome.ChromeDriver
Capabilities {acceptInsecureCerts: false, browserName: chrome, browserVersion: 129.0.6668.90, chrome: {chromedriverVersion: 129.0.6668.58 (81a06fb873a9..., userDataDir: C:\Users\srivi\AppData\Loca...}, fedcm:accounts: true, goog:chromeOptions: {debuggerAddress: localhost:50493}, networkConnectionEnabled: false, pageLoadStrategy: normal, platformName: windows, proxy: Proxy(), se:cdp: ws://localhost:50493/devtoo..., se:cdpVersion: 129.0.6668.90, setWindowRect: true, strictFileInteractability: false, timeouts: {implicit: 3000, pageLoad: 300000, script: 30000}, unhandledPromptBehavior: dismiss and notify, webauthn:extension:credBlob: true, webauthn:extension:largeBlob: true, webauthn:extension:minPinLength: true, webauthn:extension:prf: true, webauthn:virtualAuthenticators: true}
Session ID: 93b21ef3fe06d5c8be08f58850d8ca60">
      <![CDATA[org.openqa.selenium.TimeoutException: Expected condition failed: waiting for element to be clickable: By.xpath: //mat-cell[contains(text(),'Green Smoothie')] (tried for 10 second(s) with 500 milliseconds interval)
Build info: version: '4.24.0', revision: '748ffc9bc3'
System info: os.name: 'Windows 11', os.arch: 'amd64', os.version: '10.0', java.version: '22.0.2'
Driver info: org.openqa.selenium.chrome.ChromeDriver
Capabilities {acceptInsecureCerts: false, browserName: chrome, browserVersion: 129.0.6668.90, chrome: {chromedriverVersion: 129.0.6668.58 (81a06fb873a9..., userDataDir: C:\Users\srivi\AppData\Loca...}, fedcm:accounts: true, goog:chromeOptions: {debuggerAddress: localhost:50493}, networkConnectionEnabled: false, pageLoadStrategy: normal, platformName: windows, proxy: Proxy(), se:cdp: ws://localhost:50493/devtoo..., se:cdpVersion: 129.0.6668.90, setWindowRect: true, strictFileInteractability: false, timeouts: {implicit: 3000, pageLoad: 300000, script: 30000}, unhandledPromptBehavior: dismiss and notify, webauthn:extension:credBlob: true, webauthn:extension:largeBlob: true, webauthn:extension:minPinLength: true, webauthn:extension:prf: true, webauthn:virtualAuthenticators: true}
Session ID: 93b21ef3fe06d5c8be08f58850d8ca60
at org.openqa.selenium.support.ui.WebDriverWait.timeoutException(WebDriverWait.java:84)
at org.openqa.selenium.support.ui.FluentWait.until(FluentWait.java:228)
at pages.CheckoutPage.isProductInCart(CheckoutPage.java:68)
at tests.JuiceShopTestsWithTestNG.testAddToCart(JuiceShopTestsWithTestNG.java:96)
at java.base/java.util.ArrayList.forEach(ArrayList.java:1597)
... Removed 25 stack frames]]>
    </failure>
  </testcase> <!-- testAddToCart -->
  <testcase classname="tests.JuiceShopTestsWithTestNG" name="testIncreaseAllQty" time="0.001">
    <skipped/>
  </testcase> <!-- testIncreaseAllQty -->
  <testcase classname="tests.JuiceShopTestsWithTestNG" name="testCheckout" time="0.0">
    <skipped/>
  </testcase> <!-- testCheckout -->
  <testcase classname="tests.JuiceShopTestsWithTestNG" name="testAddNewAddress" time="0.0">
    <skipped/>
  </testcase> <!-- testAddNewAddress -->
  <testcase classname="tests.JuiceShopTestsWithTestNG" name="testSelectOneDayDelivery" time="0.0">
    <skipped/>
  </testcase> <!-- testSelectOneDayDelivery -->
  <testcase classname="tests.JuiceShopTestsWithTestNG" name="testMakePayment" time="0.001">
    <skipped/>
  </testcase> <!-- testMakePayment -->
  <testcase classname="tests.JuiceShopTestsWithTestNG" name="testPlaceOrderAndPay" time="0.0">
    <skipped/>
  </testcase> <!-- testPlaceOrderAndPay -->
  <testcase classname="tests.JuiceShopTestsWithTestNG" name="testViewOrderHistory" time="0.0">
    <skipped/>
  </testcase> <!-- testViewOrderHistory -->
  <testcase classname="tests.JuiceShopTestsWithTestNG" name="testTrackOrder" time="0.0">
    <skipped/>
  </testcase> <!-- testTrackOrder -->
  <testcase classname="tests.JuiceShopTestsWithTestNG" name="testPrintOrderConfimation" time="0.0">
    <skipped/>
  </testcase> <!-- testPrintOrderConfimation -->
  <testcase classname="tests.JuiceShopTestsWithTestNG" name="testLogout" time="0.0">
    <skipped/>
  </testcase> <!-- testLogout -->
</testsuite> <!-- Test -->
